<?xml version="1.0" encoding="UTF-8" ?>
<testsuite failures="0" time="0.015" errors="0" skipped="0" tests="1" name="StockAnalysis.AppTest">
  <properties>
    <property name="java.runtime.name" value="OpenJDK Runtime Environment"/>
    <property name="sun.boot.library.path" value="/usr/lib/jvm/java-7-openjdk-i386/jre/lib/i386"/>
    <property name="java.vm.version" value="22.0-b10"/>
    <property name="java.vm.vendor" value="Oracle Corporation"/>
    <property name="java.vendor.url" value="http://java.oracle.com/"/>
    <property name="path.separator" value=":"/>
    <property name="java.vm.name" value="OpenJDK Server VM"/>
    <property name="file.encoding.pkg" value="sun.io"/>
    <property name="user.country" value="US"/>
    <property name="sun.java.launcher" value="SUN_STANDARD"/>
    <property name="sun.os.patch.level" value="unknown"/>
    <property name="java.vm.specification.name" value="Java Virtual Machine Specification"/>
    <property name="user.dir" value="/home/stephen/stock_analysis/StockCrawler"/>
    <property name="java.runtime.version" value="1.7.0_03-b147"/>
    <property name="java.awt.graphicsenv" value="sun.awt.X11GraphicsEnvironment"/>
    <property name="basedir" value="/home/stephen/stock_analysis/StockCrawler"/>
    <property name="java.endorsed.dirs" value="/usr/lib/jvm/java-7-openjdk-i386/jre/lib/endorsed"/>
    <property name="os.arch" value="i386"/>
    <property name="surefire.real.class.path" value="/home/stephen/stock_analysis/StockCrawler/target/surefire/surefirebooter3075233966950028828.jar"/>
    <property name="java.io.tmpdir" value="/tmp"/>
    <property name="line.separator" value="
"/>
    <property name="java.vm.specification.vendor" value="Oracle Corporation"/>
    <property name="os.name" value="Linux"/>
    <property name="sun.jnu.encoding" value="UTF-8"/>
    <property name="java.library.path" value="/usr/java/packages/lib/i386:/usr/lib/i386-linux-gnu/jni:/lib/i386-linux-gnu:/usr/lib/i386-linux-gnu:/usr/lib/jni:/lib:/usr/lib"/>
    <property name="surefire.test.class.path" value="/home/stephen/stock_analysis/StockCrawler/target/test-classes:/home/stephen/stock_analysis/StockCrawler/target/classes:/home/stephen/.m2/repository/junit/junit/3.8.1/junit-3.8.1.jar:/home/stephen/.m2/repository/log4j/log4j/1.2.15/log4j-1.2.15.jar:/home/stephen/.m2/repository/javax/mail/mail/1.4/mail-1.4.jar:/home/stephen/.m2/repository/javax/activation/activation/1.1/activation-1.1.jar:/home/stephen/.m2/repository/org/hibernate/hibernate-core/4.1.3.Final/hibernate-core-4.1.3.Final.jar:/home/stephen/.m2/repository/antlr/antlr/2.7.7/antlr-2.7.7.jar:/home/stephen/.m2/repository/org/jboss/logging/jboss-logging/3.1.0.GA/jboss-logging-3.1.0.GA.jar:/home/stephen/.m2/repository/org/jboss/spec/javax/transaction/jboss-transaction-api_1.1_spec/1.0.0.Final/jboss-transaction-api_1.1_spec-1.0.0.Final.jar:/home/stephen/.m2/repository/dom4j/dom4j/1.6.1/dom4j-1.6.1.jar:/home/stephen/.m2/repository/org/hibernate/javax/persistence/hibernate-jpa-2.0-api/1.0.1.Final/hibernate-jpa-2.0-api-1.0.1.Final.jar:/home/stephen/.m2/repository/org/javassist/javassist/3.15.0-GA/javassist-3.15.0-GA.jar:/home/stephen/.m2/repository/org/hibernate/common/hibernate-commons-annotations/4.0.1.Final/hibernate-commons-annotations-4.0.1.Final.jar:/home/stephen/.m2/repository/org/slf4j/slf4j-jdk14/1.6.4/slf4j-jdk14-1.6.4.jar:/home/stephen/.m2/repository/org/slf4j/slf4j-api/1.6.4/slf4j-api-1.6.4.jar:/home/stephen/.m2/repository/weka/weka/3.6.7/weka-3.6.7.jar:/home/stephen/.m2/repository/ta-lib/ta-lib/0.4.0/ta-lib-0.4.0.jar:/home/stephen/.m2/repository/org/xerial/sqlite-jdbc/3.7.2/sqlite-jdbc-3.7.2.jar:/home/stephen/.m2/repository/org/slf4j/jcl-over-slf4j/1.6.4/jcl-over-slf4j-1.6.4.jar:/home/stephen/.m2/repository/joda-time/joda-time/2.1/joda-time-2.1.jar:/home/stephen/.m2/repository/postgresql/postgresql/8.3-603.jdbc4/postgresql-8.3-603.jdbc4.jar:"/>
    <property name="java.specification.name" value="Java Platform API Specification"/>
    <property name="java.class.version" value="51.0"/>
    <property name="sun.management.compiler" value="HotSpot Tiered Compilers"/>
    <property name="os.version" value="3.2.0-24-generic"/>
    <property name="user.home" value="/home/stephen"/>
    <property name="user.timezone" value=""/>
    <property name="java.awt.printerjob" value="sun.print.PSPrinterJob"/>
    <property name="file.encoding" value="UTF-8"/>
    <property name="java.specification.version" value="1.7"/>
    <property name="user.name" value="stephen"/>
    <property name="java.class.path" value="/home/stephen/stock_analysis/StockCrawler/target/test-classes:/home/stephen/stock_analysis/StockCrawler/target/classes:/home/stephen/.m2/repository/junit/junit/3.8.1/junit-3.8.1.jar:/home/stephen/.m2/repository/log4j/log4j/1.2.15/log4j-1.2.15.jar:/home/stephen/.m2/repository/javax/mail/mail/1.4/mail-1.4.jar:/home/stephen/.m2/repository/javax/activation/activation/1.1/activation-1.1.jar:/home/stephen/.m2/repository/org/hibernate/hibernate-core/4.1.3.Final/hibernate-core-4.1.3.Final.jar:/home/stephen/.m2/repository/antlr/antlr/2.7.7/antlr-2.7.7.jar:/home/stephen/.m2/repository/org/jboss/logging/jboss-logging/3.1.0.GA/jboss-logging-3.1.0.GA.jar:/home/stephen/.m2/repository/org/jboss/spec/javax/transaction/jboss-transaction-api_1.1_spec/1.0.0.Final/jboss-transaction-api_1.1_spec-1.0.0.Final.jar:/home/stephen/.m2/repository/dom4j/dom4j/1.6.1/dom4j-1.6.1.jar:/home/stephen/.m2/repository/org/hibernate/javax/persistence/hibernate-jpa-2.0-api/1.0.1.Final/hibernate-jpa-2.0-api-1.0.1.Final.jar:/home/stephen/.m2/repository/org/javassist/javassist/3.15.0-GA/javassist-3.15.0-GA.jar:/home/stephen/.m2/repository/org/hibernate/common/hibernate-commons-annotations/4.0.1.Final/hibernate-commons-annotations-4.0.1.Final.jar:/home/stephen/.m2/repository/org/slf4j/slf4j-jdk14/1.6.4/slf4j-jdk14-1.6.4.jar:/home/stephen/.m2/repository/org/slf4j/slf4j-api/1.6.4/slf4j-api-1.6.4.jar:/home/stephen/.m2/repository/weka/weka/3.6.7/weka-3.6.7.jar:/home/stephen/.m2/repository/ta-lib/ta-lib/0.4.0/ta-lib-0.4.0.jar:/home/stephen/.m2/repository/org/xerial/sqlite-jdbc/3.7.2/sqlite-jdbc-3.7.2.jar:/home/stephen/.m2/repository/org/slf4j/jcl-over-slf4j/1.6.4/jcl-over-slf4j-1.6.4.jar:/home/stephen/.m2/repository/joda-time/joda-time/2.1/joda-time-2.1.jar:/home/stephen/.m2/repository/postgresql/postgresql/8.3-603.jdbc4/postgresql-8.3-603.jdbc4.jar:"/>
    <property name="java.vm.specification.version" value="1.7"/>
    <property name="sun.arch.data.model" value="32"/>
    <property name="java.home" value="/usr/lib/jvm/java-7-openjdk-i386/jre"/>
    <property name="sun.java.command" value="/home/stephen/stock_analysis/StockCrawler/target/surefire/surefirebooter3075233966950028828.jar /home/stephen/stock_analysis/StockCrawler/target/surefire/surefire9075630789619895347tmp /home/stephen/stock_analysis/StockCrawler/target/surefire/surefire4100847334060683254tmp"/>
    <property name="java.specification.vendor" value="Oracle Corporation"/>
    <property name="user.language" value="en"/>
    <property name="awt.toolkit" value="sun.awt.X11.XToolkit"/>
    <property name="java.vm.info" value="mixed mode"/>
    <property name="java.version" value="1.7.0_03"/>
    <property name="java.ext.dirs" value="/usr/lib/jvm/java-7-openjdk-i386/jre/lib/ext:/usr/java/packages/lib/ext"/>
    <property name="sun.boot.class.path" value="/usr/lib/jvm/java-7-openjdk-i386/jre/lib/resources.jar:/usr/lib/jvm/java-7-openjdk-i386/jre/lib/rt.jar:/usr/lib/jvm/java-7-openjdk-i386/jre/lib/sunrsasign.jar:/usr/lib/jvm/java-7-openjdk-i386/jre/lib/jsse.jar:/usr/lib/jvm/java-7-openjdk-i386/jre/lib/jce.jar:/usr/lib/jvm/java-7-openjdk-i386/jre/lib/charsets.jar:/usr/lib/jvm/java-7-openjdk-i386/jre/lib/netx.jar:/usr/lib/jvm/java-7-openjdk-i386/jre/lib/plugin.jar:/usr/lib/jvm/java-7-openjdk-i386/jre/lib/rhino.jar:/usr/lib/jvm/java-7-openjdk-i386/jre/classes"/>
    <property name="java.vendor" value="Oracle Corporation"/>
    <property name="localRepository" value="/home/stephen/.m2/repository"/>
    <property name="file.separator" value="/"/>
    <property name="java.vendor.url.bug" value="http://bugreport.sun.com/bugreport/"/>
    <property name="sun.cpu.endian" value="little"/>
    <property name="sun.io.unicode.encoding" value="UnicodeLittle"/>
    <property name="sun.desktop" value="gnome"/>
    <property name="sun.cpu.isalist" value=""/>
  </properties>
  <testcase time="0.001" classname="StockAnalysis.AppTest" name="testApp"/>
</testsuite>